{"time":"2026-02-25T09:04:04.51017497-08:00","level":"INFO","msg":"Starting server...","port":"9091"}
{"time":"2026-02-25T09:04:04.514174105-08:00","level":"INFO","msg":"Connected to database"}
{"time":"2026-02-25T09:04:04.514196453-08:00","level":"WARN","msg":"NO JWKS_URL SET: AUTHENTICATION IS DISABLED (Use only for local dev)"}
{"time":"2026-02-25T09:04:04.514412837-08:00","level":"WARN","msg":"RUN_PAYMENTS_API_KEY not set — card payments disabled (cash/check/account only)"}
{"time":"2026-02-25T09:04:04.51469257-08:00","level":"WARN","msg":"DEMO MODE: Portal auth bypassed — injecting demo customer claims"}
{"time":"2026-02-25T09:05:59.364880783-08:00","level":"INFO","msg":"Request processed","method":"GET","path":"/api/v1/dashboard/inventory-alerts","duration":"3.548268ms","remote_addr":"[::1]:49646"}
{"time":"2026-02-25T09:05:59.365754125-08:00","level":"INFO","msg":"Request processed","method":"GET","path":"/api/v1/dashboard/summary","duration":"4.460636ms","remote_addr":"[::1]:49638"}
{"time":"2026-02-25T09:05:59.366098952-08:00","level":"INFO","msg":"Request processed","method":"GET","path":"/api/v1/dashboard/revenue-trend","duration":"4.418211ms","remote_addr":"[::1]:49658"}
{"time":"2026-02-25T09:05:59.366894353-08:00","level":"INFO","msg":"Request processed","method":"GET","path":"/products","duration":"5.25149ms","remote_addr":"[::1]:49664"}
{"time":"2026-02-25T09:05:59.367159632-08:00","level":"INFO","msg":"Request processed","method":"GET","path":"/customers","duration":"1.275146ms","remote_addr":"[::1]:49646"}
{"time":"2026-02-25T09:05:59.367515098-08:00","level":"INFO","msg":"Request processed","method":"GET","path":"/api/v1/dashboard/order-activity","duration":"5.91932ms","remote_addr":"[::1]:49654"}
{"time":"2026-02-25T09:05:59.368404324-08:00","level":"INFO","msg":"Request processed","method":"GET","path":"/api/v1/dashboard/top-customers","duration":"6.970769ms","remote_addr":"[::1]:49652"}
{"time":"2026-02-25T09:05:59.381742432-08:00","level":"INFO","msg":"Request processed","method":"GET","path":"/api/v1/dashboard/inventory-alerts","duration":"18.455µs","remote_addr":"[::1]:49664"}
{"time":"2026-02-25T09:05:59.381742446-08:00","level":"INFO","msg":"Request processed","method":"GET","path":"/api/v1/dashboard/summary","duration":"19.346µs","remote_addr":"[::1]:49646"}
{"time":"2026-02-25T09:05:59.383673927-08:00","level":"INFO","msg":"Request processed","method":"GET","path":"/api/v1/dashboard/top-customers","duration":"17.156µs","remote_addr":"[::1]:49652"}
{"time":"2026-02-25T09:05:59.38370563-08:00","level":"INFO","msg":"Request processed","method":"GET","path":"/api/v1/dashboard/order-activity","duration":"22.809µs","remote_addr":"[::1]:49654"}
{"time":"2026-02-25T09:05:59.383723359-08:00","level":"INFO","msg":"Request processed","method":"GET","path":"/api/v1/dashboard/revenue-trend","duration":"3.846µs","remote_addr":"[::1]:49658"}
{"time":"2026-02-25T09:05:59.385189145-08:00","level":"INFO","msg":"Request processed","method":"GET","path":"/customers","duration":"916.555µs","remote_addr":"[::1]:49638"}
{"time":"2026-02-25T09:05:59.385691322-08:00","level":"INFO","msg":"Request processed","method":"GET","path":"/products","duration":"1.951821ms","remote_addr":"[::1]:49664"}
{"time":"2026-02-25T09:06:10.266316933-08:00","level":"INFO","msg":"Request processed","method":"GET","path":"/products","duration":"1.750917ms","remote_addr":"[::1]:49638"}
{"time":"2026-02-25T09:06:10.267694113-08:00","level":"INFO","msg":"Request processed","method":"GET","path":"/products","duration":"470.971µs","remote_addr":"[::1]:49664"}
{"time":"2026-02-25T09:06:16.484328169-08:00","level":"INFO","msg":"Request processed","method":"GET","path":"/purchase-orders","duration":"1.606856ms","remote_addr":"[::1]:49664"}
{"time":"2026-02-25T09:06:16.485246344-08:00","level":"INFO","msg":"Request processed","method":"GET","path":"/purchase-orders","duration":"285.051µs","remote_addr":"[::1]:49658"}
{"time":"2026-02-25T09:06:16.485339528-08:00","level":"INFO","msg":"Request processed","method":"GET","path":"/products/reorder-alerts","duration":"2.590002ms","remote_addr":"[::1]:49638"}
{"time":"2026-02-25T09:06:16.487114882-08:00","level":"INFO","msg":"Request processed","method":"GET","path":"/products/reorder-alerts","duration":"699.68µs","remote_addr":"[::1]:49664"}
{"time":"2026-02-25T09:06:16.4877231-08:00","level":"INFO","msg":"Request processed","method":"GET","path":"/purchase-orders","duration":"1.449913ms","remote_addr":"[::1]:49638"}
{"time":"2026-02-25T09:06:16.488630624-08:00","level":"INFO","msg":"Request processed","method":"GET","path":"/products/reorder-alerts","duration":"249.905µs","remote_addr":"[::1]:49664"}
{"time":"2026-02-25T09:06:16.488910686-08:00","level":"INFO","msg":"Request processed","method":"GET","path":"/purchase-orders","duration":"379.044µs","remote_addr":"[::1]:49658"}
{"time":"2026-02-25T09:06:16.490341063-08:00","level":"INFO","msg":"Request processed","method":"GET","path":"/products/reorder-alerts","duration":"330.385µs","remote_addr":"[::1]:49664"}
{"time":"2026-02-25T09:06:21.843706516-08:00","level":"INFO","msg":"Request processed","method":"GET","path":"/orders","duration":"1.6482ms","remote_addr":"[::1]:49664"}
{"time":"2026-02-25T09:06:21.845146908-08:00","level":"INFO","msg":"Request processed","method":"GET","path":"/orders","duration":"612.65µs","remote_addr":"[::1]:49658"}
{"time":"2026-02-25T10:42:13.939068057-08:00","level":"INFO","msg":"Request processed","method":"GET","path":"/api/v1/dashboard/inventory-alerts","duration":"3.589354ms","remote_addr":"[::1]:57338"}
{"time":"2026-02-25T10:42:13.939489836-08:00","level":"INFO","msg":"Request processed","method":"GET","path":"/api/v1/dashboard/summary","duration":"4.052129ms","remote_addr":"[::1]:57336"}
{"time":"2026-02-25T10:42:13.939963056-08:00","level":"INFO","msg":"Request processed","method":"GET","path":"/api/v1/dashboard/revenue-trend","duration":"4.264594ms","remote_addr":"[::1]:57370"}
{"time":"2026-02-25T10:42:13.94106215-08:00","level":"INFO","msg":"Request processed","method":"GET","path":"/api/v1/dashboard/order-activity","duration":"5.562252ms","remote_addr":"[::1]:57358"}
{"time":"2026-02-25T10:42:13.941321056-08:00","level":"INFO","msg":"Request processed","method":"GET","path":"/products","duration":"4.603707ms","remote_addr":"[::1]:57378"}
{"time":"2026-02-25T10:42:13.941718756-08:00","level":"INFO","msg":"Request processed","method":"GET","path":"/api/v1/dashboard/top-customers","duration":"6.180049ms","remote_addr":"[::1]:57344"}
{"time":"2026-02-25T10:42:13.943902306-08:00","level":"INFO","msg":"Request processed","method":"GET","path":"/customers","duration":"1.014101ms","remote_addr":"[::1]:57338"}
{"time":"2026-02-25T10:42:13.948646957-08:00","level":"INFO","msg":"Request processed","method":"GET","path":"/api/v1/dashboard/summary","duration":"17.192µs","remote_addr":"[::1]:57338"}
{"time":"2026-02-25T10:42:13.948677076-08:00","level":"INFO","msg":"Request processed","method":"GET","path":"/api/v1/dashboard/inventory-alerts","duration":"11.518µs","remote_addr":"[::1]:57378"}
{"time":"2026-02-25T10:42:13.949984229-08:00","level":"INFO","msg":"Request processed","method":"GET","path":"/api/v1/dashboard/top-customers","duration":"18.016µs","remote_addr":"[::1]:57344"}
{"time":"2026-02-25T10:42:13.95021827-08:00","level":"INFO","msg":"Request processed","method":"GET","path":"/api/v1/dashboard/order-activity","duration":"20.505µs","remote_addr":"[::1]:57378"}
{"time":"2026-02-25T10:42:13.950225848-08:00","level":"INFO","msg":"Request processed","method":"GET","path":"/api/v1/dashboard/revenue-trend","duration":"6.673µs","remote_addr":"[::1]:57338"}
{"time":"2026-02-25T10:42:13.951499872-08:00","level":"INFO","msg":"Request processed","method":"GET","path":"/customers","duration":"1.196785ms","remote_addr":"[::1]:57370"}
{"time":"2026-02-25T10:42:13.951767513-08:00","level":"INFO","msg":"Request processed","method":"GET","path":"/products","duration":"1.52104ms","remote_addr":"[::1]:57358"}
{"time":"2026-02-25T10:42:22.66836791-08:00","level":"INFO","msg":"Request processed","method":"GET","path":"/products","duration":"691.689µs","remote_addr":"[::1]:57370"}
{"time":"2026-02-25T10:42:22.669343324-08:00","level":"INFO","msg":"Request processed","method":"GET","path":"/products","duration":"375.976µs","remote_addr":"[::1]:57358"}
{"time":"2026-02-25T10:42:38.119508002-08:00","level":"INFO","msg":"Request processed","method":"GET","path":"/orders","duration":"1.652011ms","remote_addr":"[::1]:57358"}
{"time":"2026-02-25T10:42:38.120816049-08:00","level":"INFO","msg":"Request processed","method":"GET","path":"/orders","duration":"622.617µs","remote_addr":"[::1]:57370"}
{"time":"2026-02-25T10:42:43.260066417-08:00","level":"INFO","msg":"Request processed","method":"OPTIONS","path":"/api/portal/v1/dashboard","duration":"4.227µs","remote_addr":"[::1]:57370"}
{"time":"2026-02-25T10:42:43.264617621-08:00","level":"INFO","msg":"Request processed","method":"GET","path":"/api/portal/v1/dashboard","duration":"3.686604ms","remote_addr":"[::1]:57370"}
{"time":"2026-02-25T10:42:43.267323861-08:00","level":"INFO","msg":"Request processed","method":"GET","path":"/api/portal/v1/dashboard","duration":"2.063101ms","remote_addr":"[::1]:57358"}
{"time":"2026-02-25T10:42:48.7683119-08:00","level":"INFO","msg":"Request processed","method":"OPTIONS","path":"/api/portal/v1/invoices","duration":"6.747µs","remote_addr":"[::1]:57358"}
{"time":"2026-02-25T10:42:48.768410071-08:00","level":"INFO","msg":"Request processed","method":"OPTIONS","path":"/api/portal/v1/invoices","duration":"3.071µs","remote_addr":"[::1]:57370"}
{"time":"2026-02-25T10:42:48.770560172-08:00","level":"INFO","msg":"Request processed","method":"GET","path":"/api/portal/v1/invoices","duration":"665.573µs","remote_addr":"[::1]:57358"}
{"time":"2026-02-25T10:42:48.771397058-08:00","level":"INFO","msg":"Request processed","method":"GET","path":"/api/portal/v1/invoices","duration":"196.157µs","remote_addr":"[::1]:57358"}
{"time":"2026-02-25T10:42:53.937991738-08:00","level":"INFO","msg":"Request processed","method":"GET","path":"/api/v1/delivery/drivers","duration":"1.329507ms","remote_addr":"127.0.0.1:56030"}
{"time":"2026-02-25T10:42:53.941393955-08:00","level":"INFO","msg":"Request processed","method":"GET","path":"/api/v1/delivery/drivers","duration":"329.178µs","remote_addr":"127.0.0.1:56044"}
